빌드 시작: 2016-10-07 오후 1:24:56
     1>2 노드의 "E:\2학년\3.데이터 구조\조별과제\데이터구조(완)\ex1\ex1.vcxproj" 프로젝트(build 대상)입니다.
     1>InitializeBuildStatus:
         "AlwaysCreate"이(가) 지정되었기 때문에 "Debug\ex1.unsuccessfulbuild"을(를) 만들고 있습니다.
       ClCompile:
         C:\Program Files (x86)\Microsoft Visual Studio 10.0\VC\bin\CL.exe /c /ZI /nologo /W3 /WX- /Od /Oy- /D WIN32 /D _DEBUG /D _CONSOLE /D _UNICODE /D UNICODE /Gm /EHsc /RTC1 /MDd /GS /fp:precise /Zc:wchar_t /Zc:forScope /Fo"Debug\\" /Fd"Debug\vc100.pdb" /Gd /TC /analyze- /errorReport:prompt main.c
         main.c
     1>e:\2학년\3.데이터 구조\조별과제\데이터구조(완)\ex1\ex1_cal.h(6): warning C4996: 'fscanf': This function or variable may be unsafe. Consider using fscanf_s instead. To disable deprecation, use _CRT_SECURE_NO_WARNINGS. See online help for details.
                 c:\program files (x86)\microsoft visual studio 10.0\vc\include\stdio.h(253) : 'fscanf' 선언을 참조하십시오.
     1>e:\2학년\3.데이터 구조\조별과제\데이터구조(완)\ex1\ex1_cal.h(7): warning C4996: 'fscanf': This function or variable may be unsafe. Consider using fscanf_s instead. To disable deprecation, use _CRT_SECURE_NO_WARNINGS. See online help for details.
                 c:\program files (x86)\microsoft visual studio 10.0\vc\include\stdio.h(253) : 'fscanf' 선언을 참조하십시오.
     1>e:\2학년\3.데이터 구조\조별과제\데이터구조(완)\ex1\ex1_cal.h(55): warning C4996: 'fopen': This function or variable may be unsafe. Consider using fopen_s instead. To disable deprecation, use _CRT_SECURE_NO_WARNINGS. See online help for details.
                 c:\program files (x86)\microsoft visual studio 10.0\vc\include\stdio.h(234) : 'fopen' 선언을 참조하십시오.
     1>e:\2학년\3.데이터 구조\조별과제\데이터구조(완)\ex1\main.c(12): warning C4996: 'fopen': This function or variable may be unsafe. Consider using fopen_s instead. To disable deprecation, use _CRT_SECURE_NO_WARNINGS. See online help for details.
                 c:\program files (x86)\microsoft visual studio 10.0\vc\include\stdio.h(234) : 'fopen' 선언을 참조하십시오.
       Link:
         C:\Program Files (x86)\Microsoft Visual Studio 10.0\VC\bin\link.exe /ERRORREPORT:PROMPT /OUT:"E:\2학년\3.데이터 구조\조별과제\데이터구조(완)\Debug\ex1.exe" /INCREMENTAL /NOLOGO kernel32.lib user32.lib gdi32.lib winspool.lib comdlg32.lib advapi32.lib shell32.lib ole32.lib oleaut32.lib uuid.lib odbc32.lib odbccp32.lib /MANIFEST /ManifestFile:"Debug\ex1.exe.intermediate.manifest" /MANIFESTUAC:"level='asInvoker' uiAccess='false'" /DEBUG /PDB:"E:\2학년\3.데이터 구조\조별과제\데이터구조(완)\Debug\ex1.pdb" /SUBSYSTEM:CONSOLE /TLBID:1 /DYNAMICBASE /NXCOMPAT /IMPLIB:"E:\2학년\3.데이터 구조\조별과제\데이터구조(완)\Debug\ex1.lib" /MACHINE:X86 Debug\main.obj
         ex1.vcxproj -> E:\2학년\3.데이터 구조\조별과제\데이터구조(완)\Debug\ex1.exe
       Manifest:
         C:\Program Files (x86)\Microsoft SDKs\Windows\v7.0A\bin\mt.exe /nologo /verbose /out:"E:\2학년\3.데이터 구조\조별과제\데이터구조(완)\Debug\ex1.exe.manifest" /manifest Debug\ex1.exe.intermediate.manifest
       FinalizeBuildStatus:
         "Debug\ex1.unsuccessfulbuild" 파일을 삭제하고 있습니다.
         "Debug\ex1.lastbuildstate"에 연결(touching)하고 있습니다.
     1>"E:\2학년\3.데이터 구조\조별과제\데이터구조(완)\ex1\ex1.vcxproj" 프로젝트를 빌드했습니다(build 대상).

빌드했습니다.

경과 시간: 00:00:08.48
