C:\USERS\김주안\DOCUMENTS\VISUAL STUDIO 2010\PROJECTS\EX1\DEBUG\EX1.EXE
C:\USERS\김주안\DOCUMENTS\VISUAL STUDIO 2010\PROJECTS\EX1\DEBUG\EX1.ILK
C:\USERS\김주안\DOCUMENTS\VISUAL STUDIO 2010\PROJECTS\EX1\DEBUG\EX1.PDB
C:\USERS\김주안\DOCUMENTS\VISUAL STUDIO 2010\PROJECTS\EX1\EX1\DEBUG\EX1.EXE.EMBED.MANIFEST.RES
C:\USERS\김주안\DOCUMENTS\VISUAL STUDIO 2010\PROJECTS\EX1\EX1\DEBUG\EX1.EXE.INTERMEDIATE.MANIFEST
E:\EX1\DEBUG\EX1.EXE
E:\EX1\DEBUG\EX1.ILK
E:\EX1\DEBUG\EX1.PDB
E:\ex1\ex1\Debug\cl.command.1.tlog
E:\ex1\ex1\Debug\CL.read.1.tlog
E:\ex1\ex1\Debug\CL.write.1.tlog
E:\EX1\EX1\DEBUG\EX1.EXE.EMBED.MANIFEST
E:\EX1\EX1\DEBUG\EX1.EXE.EMBED.MANIFEST.RES
E:\EX1\EX1\DEBUG\EX1.EXE.INTERMEDIATE.MANIFEST
E:\ex1\ex1\Debug\ex1.write.1.tlog
E:\ex1\ex1\Debug\ex1_manifest.rc
E:\ex1\ex1\Debug\link.6156.read.1.tlog
E:\ex1\ex1\Debug\link.6156.write.1.tlog
E:\ex1\ex1\Debug\link.6156-cvtres.read.1.tlog
E:\ex1\ex1\Debug\link.6156-cvtres.write.1.tlog
E:\ex1\ex1\Debug\link.command.1.tlog
E:\ex1\ex1\Debug\link.read.1.tlog
E:\ex1\ex1\Debug\link.write.1.tlog
E:\ex1\ex1\Debug\link-cvtres.read.1.tlog
E:\ex1\ex1\Debug\link-cvtres.write.1.tlog
E:\EX1\EX1\DEBUG\MAIN.OBJ
E:\ex1\ex1\Debug\mt.command.1.tlog
E:\ex1\ex1\Debug\mt.read.1.tlog
E:\ex1\ex1\Debug\mt.write.1.tlog
E:\ex1\ex1\Debug\rc.command.1.tlog
E:\ex1\ex1\Debug\rc.read.1.tlog
E:\ex1\ex1\Debug\rc.write.1.tlog
E:\ex1\ex1\Debug\vc100.idb
E:\EX1\EX1\DEBUG\VC100.PDB
F:\EX1\DEBUG\EX1.EXE
F:\EX1\DEBUG\EX1.ILK
F:\EX1\DEBUG\EX1.PDB
F:\EX1\EX1\DEBUG\EX1.EXE.EMBED.MANIFEST.RES
F:\EX1\EX1\DEBUG\EX1.EXE.INTERMEDIATE.MANIFEST
